INFO: [VRFC 10-2263] Analyzing Verilog file "c:/Users/oscar/Desktop/mycpu_env/soc_verify/soc_axi/rtl/xilinx_ip/clk_pll/clk_pll_clk_wiz.v" into library xil_defaultlib
INFO: [VRFC 10-311] analyzing module clk_pll_clk_wiz
INFO: [VRFC 10-2263] Analyzing Verilog file "c:/Users/oscar/Desktop/mycpu_env/soc_verify/soc_axi/rtl/xilinx_ip/clk_pll/clk_pll.v" into library xil_defaultlib
INFO: [VRFC 10-311] analyzing module clk_pll
INFO: [VRFC 10-2263] Analyzing Verilog file "c:/Users/oscar/Desktop/mycpu_env/soc_verify/soc_axi/rtl/xilinx_ip/axi_crossbar_1x2/sim/axi_crossbar_1x2.v" into library xil_defaultlib
INFO: [VRFC 10-311] analyzing module axi_crossbar_1x2
INFO: [VRFC 10-2263] Analyzing Verilog file "c:/Users/oscar/Desktop/mycpu_env/myCPU/alu.v" into library xil_defaultlib
INFO: [VRFC 10-311] analyzing module alu
INFO: [VRFC 10-2263] Analyzing Verilog file "c:/Users/oscar/Desktop/mycpu_env/soc_verify/soc_axi/rtl/axi_wrap/axi_wrap.v" into library xil_defaultlib
INFO: [VRFC 10-311] analyzing module axi_wrap
INFO: [VRFC 10-2263] Analyzing Verilog file "c:/Users/oscar/Desktop/mycpu_env/soc_verify/soc_axi/rtl/ram_wrap/axi_wrap_ram.v" into library xil_defaultlib
INFO: [VRFC 10-311] analyzing module axi_wrap_ram
INFO: [VRFC 10-2263] Analyzing Verilog file "c:/Users/oscar/Desktop/mycpu_env/soc_verify/soc_axi/rtl/CONFREG/confreg.v" into library xil_defaultlib
INFO: [VRFC 10-311] analyzing module confreg
INFO: [VRFC 10-2263] Analyzing Verilog file "c:/Users/oscar/Desktop/mycpu_env/myCPU/mycpu_top.v" into library xil_defaultlib
INFO: [VRFC 10-311] analyzing module mycpu_top
INFO: [VRFC 10-2263] Analyzing Verilog file "c:/Users/oscar/Desktop/mycpu_env/myCPU/regfile.v" into library xil_defaultlib
INFO: [VRFC 10-311] analyzing module regfile
INFO: [VRFC 10-2263] Analyzing Verilog file "c:/Users/oscar/Desktop/mycpu_env/soc_verify/soc_axi/rtl/soc_lite_top.v" into library xil_defaultlib
INFO: [VRFC 10-311] analyzing module soc_lite_top
INFO: [VRFC 10-2263] Analyzing Verilog file "c:/Users/oscar/Desktop/mycpu_env/myCPU/tools.v" into library xil_defaultlib
INFO: [VRFC 10-311] analyzing module decoder_2_4
INFO: [VRFC 10-311] analyzing module decoder_4_16
INFO: [VRFC 10-311] analyzing module decoder_5_32
INFO: [VRFC 10-311] analyzing module decoder_6_64
INFO: [VRFC 10-2263] Analyzing Verilog file "c:/Users/oscar/Desktop/mycpu_env/soc_verify/soc_axi/testbench/mycpu_tb.v" into library xil_defaultlib
INFO: [VRFC 10-311] analyzing module tb_top
WARNING: [VRFC 10-2096] empty statement in sequential block [c:/Users/oscar/Desktop/mycpu_env/soc_verify/soc_axi/testbench/mycpu_tb.v:234]
INFO: [VRFC 10-2263] Analyzing Verilog file "c:/Users/oscar/Desktop/mycpu_env/soc_verify/soc_axi/run_vivado/project/loongson.sim/sim_1/behav/xsim/glbl.v" into library xil_defaultlib
INFO: [VRFC 10-311] analyzing module glbl
