Copyright 1986-2022 Xilinx, Inc. All Rights Reserved. Copyright 2022-2023 Advanced Micro Devices, Inc. All Rights Reserved.
--------------------------------------------------------------------------------------------------------------------------------------------------------------------------
| Tool Version : Vivado v.2023.2 (win64) Build 4029153 Fri Oct 13 20:14:34 MDT 2023
| Date         : Fri Nov 24 12:17:08 2023
| Host         : yoda running 64-bit major release  (build 9200)
| Command      : report_methodology -file soc_mini_top_methodology_drc_routed.rpt -pb soc_mini_top_methodology_drc_routed.pb -rpx soc_mini_top_methodology_drc_routed.rpx
| Design       : soc_mini_top
| Device       : xc7a200tfbg676-1
| Speed File   : -1
| Design State : Fully Routed
--------------------------------------------------------------------------------------------------------------------------------------------------------------------------

Report Methodology

Table of Contents
-----------------
1. REPORT SUMMARY
2. REPORT DETAILS

1. REPORT SUMMARY
-----------------
            Netlist: netlist
          Floorplan: design_1
      Design limits: <entire design considered>
             Max violations: <unlimited>
             Violations found: 2
+--------+----------+--------------------------------------------------------+------------+
| Rule   | Severity | Description                                            | Violations |
+--------+----------+--------------------------------------------------------+------------+
| XDCC-1 | Warning  | Scoped Clock constraint overwritten with the same name | 1          |
| XDCC-7 | Warning  | Scoped Clock constraint overwritten on the same source | 1          |
+--------+----------+--------------------------------------------------------+------------+

2. REPORT DETAILS
-----------------
XDCC-1#1 Warning
Scoped Clock constraint overwritten with the same name  
A new clock constraint create_clock overrides a previous scoped clock constraint with the same name. It is not recommended to override a scoped (typically an IP) clock constraint and could result in unexpected behaviors.
New: create_clock -period 10.000 -name clk -waveform {0.000 5.000} [get_ports clk] (Source: C:/Users/oscar/Desktop/minicpu_env/minicpu_env/soc_verify/run_vivado/constraints/soc_mini_top.xdc (Line: 5))
Previous: create_clock -period 10.000 [get_ports clk] (Source: c:/Users/oscar/Desktop/minicpu_env/minicpu_env/soc_verify/rtl/xilinx_ip/clk_pll/clk_pll.xdc (Line: 53))
Related violations: <none>

XDCC-7#1 Warning
Scoped Clock constraint overwritten on the same source  
A new clock constraint create_clock overrides a previous scoped clock constraint defined on the same source. It is not recommended to override a scoped (typically an IP) clock constraint and could result in unexpected behaviors.
New: create_clock -period 10.000 -name clk -waveform {0.000 5.000} [get_ports clk] (Source: C:/Users/oscar/Desktop/minicpu_env/minicpu_env/soc_verify/run_vivado/constraints/soc_mini_top.xdc (Line: 5))
Previous: create_clock -period 10.000 [get_ports clk] (Source: c:/Users/oscar/Desktop/minicpu_env/minicpu_env/soc_verify/rtl/xilinx_ip/clk_pll/clk_pll.xdc (Line: 53))
Related violations: <none>


