Copyright 1986-2022 Xilinx, Inc. All Rights Reserved. Copyright 2022-2023 Advanced Micro Devices, Inc. All Rights Reserved.
---------------------------------------------------------------------------------------------------------------------------------------------
| Tool Version : Vivado v.2023.2 (win64) Build 4029153 Fri Oct 13 20:14:34 MDT 2023
| Date         : Fri Nov 24 12:15:47 2023
| Host         : yoda running 64-bit major release  (build 9200)
| Command      : report_control_sets -verbose -file soc_mini_top_control_sets_placed.rpt
| Design       : soc_mini_top
| Device       : xc7a200t
---------------------------------------------------------------------------------------------------------------------------------------------

Control Set Information

Table of Contents
-----------------
1. Summary
2. Histogram
3. Flip-Flop Distribution
4. Detailed Control Set Information

1. Summary
----------

+----------------------------------------------------------+-------+
|                          Status                          | Count |
+----------------------------------------------------------+-------+
| Total control sets                                       |     4 |
|    Minimum number of control sets                        |     4 |
|    Addition due to synthesis replication                 |     0 |
|    Addition due to physical synthesis replication        |     0 |
| Unused register locations in slices containing registers |    10 |
+----------------------------------------------------------+-------+
* Control sets can be merged at opt_design using control_set_merge or merge_equivalent_drivers
** Run report_qor_suggestions for automated merging and remapping suggestions


2. Histogram
------------

+--------------------+-------+
|       Fanout       | Count |
+--------------------+-------+
| Total control sets |     4 |
| >= 0 to < 4        |     0 |
| >= 4 to < 6        |     1 |
| >= 6 to < 8        |     0 |
| >= 8 to < 10       |     0 |
| >= 10 to < 12      |     0 |
| >= 12 to < 14      |     0 |
| >= 14 to < 16      |     0 |
| >= 16              |     3 |
+--------------------+-------+
* Control sets can be remapped at either synth_design or opt_design


3. Flip-Flop Distribution
-------------------------

+--------------+-----------------------+------------------------+-----------------+--------------+
| Clock Enable | Synchronous Set/Reset | Asynchronous Set/Reset | Total Registers | Total Slices |
+--------------+-----------------------+------------------------+-----------------+--------------+
| No           | No                    | No                     |               1 |            1 |
| No           | No                    | Yes                    |               0 |            0 |
| No           | Yes                   | No                     |               5 |            2 |
| Yes          | No                    | No                     |               0 |            0 |
| Yes          | No                    | Yes                    |               0 |            0 |
| Yes          | Yes                   | No                     |              16 |            7 |
+--------------+-----------------------+------------------------+-----------------+--------------+


4. Detailed Control Set Information
-----------------------------------

+---------------------------+-----------------------+------------------+------------------+----------------+--------------+
|        Clock Signal       |     Enable Signal     | Set/Reset Signal | Slice Load Count | Bel Load Count | Bels / Slice |
+---------------------------+-----------------------+------------------+------------------+----------------+--------------+
|  pll.clk_pll/inst/cpu_clk |                       | u_confreg/SR[0]  |                2 |              5 |         2.50 |
|  pll.clk_pll/inst/cpu_clk | u_confreg/cpu_data_we | u_confreg/SR[0]  |                7 |             16 |         2.29 |
|  pll.clk_pll/inst/cpu_clk |                       |                  |                9 |             33 |         3.67 |
|  pll.clk_pll/inst/cpu_clk | cpu/u_regfile/gr_we   |                  |               11 |             88 |         8.00 |
+---------------------------+-----------------------+------------------+------------------+----------------+--------------+


