
*** Running vivado
    with args -log axi_crossbar_1x2.vds -m64 -product Vivado -mode batch -messageDb vivado.pb -notrace -source axi_crossbar_1x2.tcl


ECHO is off.
ECHO is off.

****** Vivado v2023.2 (64-bit)
  **** SW Build 4029153 on Fri Oct 13 20:14:34 MDT 2023
  **** IP Build 4028589 on Sat Oct 14 00:45:43 MDT 2023
  **** SharedData Build 4025554 on Tue Oct 10 17:18:54 MDT 2023
    ** Copyright 1986-2022 Xilinx, Inc. All Rights Reserved.
    ** Copyright 2022-2023 Advanced Micro Devices, Inc. All Rights Reserved.

source axi_crossbar_1x2.tcl -notrace
create_project: Time (s): cpu = 00:00:07 ; elapsed = 00:00:08 . Memory (MB): peak = 453.504 ; gain = 184.859
INFO: [IP_Flow 19-6924] IPCACHE: Running cache check for IP inst: axi_crossbar_1x2
Command: synth_design -top axi_crossbar_1x2 -part xc7a200tfbg676-1 -incremental_mode off -mode out_of_context
Starting synth_design
Attempting to get a license for feature 'Synthesis' and/or device 'xc7a200t'
INFO: [Common 17-349] Got license for feature 'Synthesis' and/or device 'xc7a200t'
INFO: [Device 21-403] Loading part xc7a200tfbg676-1
INFO: [Synth 8-7079] Multithreading enabled for synth_design using a maximum of 2 processes.
INFO: [Synth 8-7078] Launching helper process for spawning children vivado processes
INFO: [Synth 8-7075] Helper process launched with PID 5568
---------------------------------------------------------------------------------
Starting RTL Elaboration : Time (s): cpu = 00:00:11 ; elapsed = 00:00:13 . Memory (MB): peak = 1358.977 ; gain = 438.988
---------------------------------------------------------------------------------
INFO: [Synth 8-6157] synthesizing module 'axi_crossbar_1x2' [c:/Users/oscar/Desktop/mycpu_env/soc_verify/soc_axi/rtl/xilinx_ip/axi_crossbar_1x2/synth/axi_crossbar_1x2.v:53]
INFO: [Synth 8-6157] synthesizing module 'axi_crossbar_v2_1_30_axi_crossbar' [c:/Users/oscar/Desktop/mycpu_env/soc_verify/soc_axi/rtl/xilinx_ip/axi_crossbar_1x2/hdl/axi_crossbar_v2_1_vl_rfs.v:4871]
INFO: [Synth 8-6157] synthesizing module 'axi_crossbar_v2_1_30_crossbar' [c:/Users/oscar/Desktop/mycpu_env/soc_verify/soc_axi/rtl/xilinx_ip/axi_crossbar_1x2/hdl/axi_crossbar_v2_1_vl_rfs.v:2232]
INFO: [Synth 8-6157] synthesizing module 'axi_crossbar_v2_1_30_si_transactor' [c:/Users/oscar/Desktop/mycpu_env/soc_verify/soc_axi/rtl/xilinx_ip/axi_crossbar_1x2/hdl/axi_crossbar_v2_1_vl_rfs.v:3791]
INFO: [Synth 8-6157] synthesizing module 'axi_crossbar_v2_1_30_addr_decoder' [c:/Users/oscar/Desktop/mycpu_env/soc_verify/soc_axi/rtl/xilinx_ip/axi_crossbar_1x2/hdl/axi_crossbar_v2_1_vl_rfs.v:790]
INFO: [Synth 8-6157] synthesizing module 'generic_baseblocks_v2_1_1_comparator_static' [c:/Users/oscar/Desktop/mycpu_env/soc_verify/soc_axi/rtl/xilinx_ip/axi_crossbar_1x2/hdl/generic_baseblocks_v2_1_vl_rfs.v:2119]
INFO: [Synth 8-6157] synthesizing module 'generic_baseblocks_v2_1_1_carry_and' [c:/Users/oscar/Desktop/mycpu_env/soc_verify/soc_axi/rtl/xilinx_ip/axi_crossbar_1x2/hdl/generic_baseblocks_v2_1_vl_rfs.v:60]
INFO: [Synth 8-6155] done synthesizing module 'generic_baseblocks_v2_1_1_carry_and' (0#1) [c:/Users/oscar/Desktop/mycpu_env/soc_verify/soc_axi/rtl/xilinx_ip/axi_crossbar_1x2/hdl/generic_baseblocks_v2_1_vl_rfs.v:60]
INFO: [Synth 8-6155] done synthesizing module 'generic_baseblocks_v2_1_1_comparator_static' (0#1) [c:/Users/oscar/Desktop/mycpu_env/soc_verify/soc_axi/rtl/xilinx_ip/axi_crossbar_1x2/hdl/generic_baseblocks_v2_1_vl_rfs.v:2119]
INFO: [Synth 8-6157] synthesizing module 'generic_baseblocks_v2_1_1_comparator_static__parameterized0' [c:/Users/oscar/Desktop/mycpu_env/soc_verify/soc_axi/rtl/xilinx_ip/axi_crossbar_1x2/hdl/generic_baseblocks_v2_1_vl_rfs.v:2119]
INFO: [Synth 8-6155] done synthesizing module 'generic_baseblocks_v2_1_1_comparator_static__parameterized0' (0#1) [c:/Users/oscar/Desktop/mycpu_env/soc_verify/soc_axi/rtl/xilinx_ip/axi_crossbar_1x2/hdl/generic_baseblocks_v2_1_vl_rfs.v:2119]
INFO: [Synth 8-6157] synthesizing module 'generic_baseblocks_v2_1_1_comparator_static__parameterized1' [c:/Users/oscar/Desktop/mycpu_env/soc_verify/soc_axi/rtl/xilinx_ip/axi_crossbar_1x2/hdl/generic_baseblocks_v2_1_vl_rfs.v:2119]
INFO: [Synth 8-6155] done synthesizing module 'generic_baseblocks_v2_1_1_comparator_static__parameterized1' (0#1) [c:/Users/oscar/Desktop/mycpu_env/soc_verify/soc_axi/rtl/xilinx_ip/axi_crossbar_1x2/hdl/generic_baseblocks_v2_1_vl_rfs.v:2119]
INFO: [Synth 8-6157] synthesizing module 'generic_baseblocks_v2_1_1_comparator_static__parameterized2' [c:/Users/oscar/Desktop/mycpu_env/soc_verify/soc_axi/rtl/xilinx_ip/axi_crossbar_1x2/hdl/generic_baseblocks_v2_1_vl_rfs.v:2119]
INFO: [Synth 8-6155] done synthesizing module 'generic_baseblocks_v2_1_1_comparator_static__parameterized2' (0#1) [c:/Users/oscar/Desktop/mycpu_env/soc_verify/soc_axi/rtl/xilinx_ip/axi_crossbar_1x2/hdl/generic_baseblocks_v2_1_vl_rfs.v:2119]
INFO: [Synth 8-6157] synthesizing module 'generic_baseblocks_v2_1_1_comparator_static__parameterized3' [c:/Users/oscar/Desktop/mycpu_env/soc_verify/soc_axi/rtl/xilinx_ip/axi_crossbar_1x2/hdl/generic_baseblocks_v2_1_vl_rfs.v:2119]
INFO: [Synth 8-6155] done synthesizing module 'generic_baseblocks_v2_1_1_comparator_static__parameterized3' (0#1) [c:/Users/oscar/Desktop/mycpu_env/soc_verify/soc_axi/rtl/xilinx_ip/axi_crossbar_1x2/hdl/generic_baseblocks_v2_1_vl_rfs.v:2119]
INFO: [Synth 8-6157] synthesizing module 'generic_baseblocks_v2_1_1_comparator_static__parameterized4' [c:/Users/oscar/Desktop/mycpu_env/soc_verify/soc_axi/rtl/xilinx_ip/axi_crossbar_1x2/hdl/generic_baseblocks_v2_1_vl_rfs.v:2119]
INFO: [Synth 8-6155] done synthesizing module 'generic_baseblocks_v2_1_1_comparator_static__parameterized4' (0#1) [c:/Users/oscar/Desktop/mycpu_env/soc_verify/soc_axi/rtl/xilinx_ip/axi_crossbar_1x2/hdl/generic_baseblocks_v2_1_vl_rfs.v:2119]
INFO: [Synth 8-6155] done synthesizing module 'axi_crossbar_v2_1_30_addr_decoder' (0#1) [c:/Users/oscar/Desktop/mycpu_env/soc_verify/soc_axi/rtl/xilinx_ip/axi_crossbar_1x2/hdl/axi_crossbar_v2_1_vl_rfs.v:790]
INFO: [Synth 8-6157] synthesizing module 'axi_data_fifo_v2_1_28_axic_srl_fifo' [c:/Users/oscar/Desktop/mycpu_env/soc_verify/soc_axi/rtl/xilinx_ip/axi_crossbar_1x2/hdl/axi_data_fifo_v2_1_vl_rfs.v:694]
INFO: [Synth 8-6157] synthesizing module 'axi_data_fifo_v2_1_28_ndeep_srl' [c:/Users/oscar/Desktop/mycpu_env/soc_verify/soc_axi/rtl/xilinx_ip/axi_crossbar_1x2/hdl/axi_data_fifo_v2_1_vl_rfs.v:1129]
INFO: [Synth 8-6157] synthesizing module 'SRLC32E' [C:/Xilinx/Vivado/2023.2/scripts/rt/data/unisim_comp.v:133887]
INFO: [Synth 8-6155] done synthesizing module 'SRLC32E' (0#1) [C:/Xilinx/Vivado/2023.2/scripts/rt/data/unisim_comp.v:133887]
INFO: [Synth 8-6155] done synthesizing module 'axi_data_fifo_v2_1_28_ndeep_srl' (0#1) [c:/Users/oscar/Desktop/mycpu_env/soc_verify/soc_axi/rtl/xilinx_ip/axi_crossbar_1x2/hdl/axi_data_fifo_v2_1_vl_rfs.v:1129]
INFO: [Synth 8-6155] done synthesizing module 'axi_data_fifo_v2_1_28_axic_srl_fifo' (0#1) [c:/Users/oscar/Desktop/mycpu_env/soc_verify/soc_axi/rtl/xilinx_ip/axi_crossbar_1x2/hdl/axi_data_fifo_v2_1_vl_rfs.v:694]
INFO: [Synth 8-6157] synthesizing module 'axi_crossbar_v2_1_30_arbiter_resp' [c:/Users/oscar/Desktop/mycpu_env/soc_verify/soc_axi/rtl/xilinx_ip/axi_crossbar_1x2/hdl/axi_crossbar_v2_1_vl_rfs.v:1020]
INFO: [Synth 8-6155] done synthesizing module 'axi_crossbar_v2_1_30_arbiter_resp' (0#1) [c:/Users/oscar/Desktop/mycpu_env/soc_verify/soc_axi/rtl/xilinx_ip/axi_crossbar_1x2/hdl/axi_crossbar_v2_1_vl_rfs.v:1020]
INFO: [Synth 8-6157] synthesizing module 'generic_baseblocks_v2_1_1_mux_enc' [c:/Users/oscar/Desktop/mycpu_env/soc_verify/soc_axi/rtl/xilinx_ip/axi_crossbar_1x2/hdl/generic_baseblocks_v2_1_vl_rfs.v:2436]
INFO: [Synth 8-6155] done synthesizing module 'generic_baseblocks_v2_1_1_mux_enc' (0#1) [c:/Users/oscar/Desktop/mycpu_env/soc_verify/soc_axi/rtl/xilinx_ip/axi_crossbar_1x2/hdl/generic_baseblocks_v2_1_vl_rfs.v:2436]
INFO: [Synth 8-6155] done synthesizing module 'axi_crossbar_v2_1_30_si_transactor' (0#1) [c:/Users/oscar/Desktop/mycpu_env/soc_verify/soc_axi/rtl/xilinx_ip/axi_crossbar_1x2/hdl/axi_crossbar_v2_1_vl_rfs.v:3791]
INFO: [Synth 8-6157] synthesizing module 'axi_crossbar_v2_1_30_si_transactor__parameterized0' [c:/Users/oscar/Desktop/mycpu_env/soc_verify/soc_axi/rtl/xilinx_ip/axi_crossbar_1x2/hdl/axi_crossbar_v2_1_vl_rfs.v:3791]
INFO: [Synth 8-6157] synthesizing module 'generic_baseblocks_v2_1_1_mux_enc__parameterized0' [c:/Users/oscar/Desktop/mycpu_env/soc_verify/soc_axi/rtl/xilinx_ip/axi_crossbar_1x2/hdl/generic_baseblocks_v2_1_vl_rfs.v:2436]
INFO: [Synth 8-6155] done synthesizing module 'generic_baseblocks_v2_1_1_mux_enc__parameterized0' (0#1) [c:/Users/oscar/Desktop/mycpu_env/soc_verify/soc_axi/rtl/xilinx_ip/axi_crossbar_1x2/hdl/generic_baseblocks_v2_1_vl_rfs.v:2436]
INFO: [Synth 8-6155] done synthesizing module 'axi_crossbar_v2_1_30_si_transactor__parameterized0' (0#1) [c:/Users/oscar/Desktop/mycpu_env/soc_verify/soc_axi/rtl/xilinx_ip/axi_crossbar_1x2/hdl/axi_crossbar_v2_1_vl_rfs.v:3791]
INFO: [Synth 8-6157] synthesizing module 'axi_crossbar_v2_1_30_splitter' [c:/Users/oscar/Desktop/mycpu_env/soc_verify/soc_axi/rtl/xilinx_ip/axi_crossbar_1x2/hdl/axi_crossbar_v2_1_vl_rfs.v:4451]
INFO: [Synth 8-6155] done synthesizing module 'axi_crossbar_v2_1_30_splitter' (0#1) [c:/Users/oscar/Desktop/mycpu_env/soc_verify/soc_axi/rtl/xilinx_ip/axi_crossbar_1x2/hdl/axi_crossbar_v2_1_vl_rfs.v:4451]
INFO: [Synth 8-6157] synthesizing module 'axi_crossbar_v2_1_30_wdata_router' [c:/Users/oscar/Desktop/mycpu_env/soc_verify/soc_axi/rtl/xilinx_ip/axi_crossbar_1x2/hdl/axi_crossbar_v2_1_vl_rfs.v:4724]
INFO: [Synth 8-6157] synthesizing module 'axi_data_fifo_v2_1_28_axic_reg_srl_fifo' [c:/Users/oscar/Desktop/mycpu_env/soc_verify/soc_axi/rtl/xilinx_ip/axi_crossbar_1x2/hdl/axi_data_fifo_v2_1_vl_rfs.v:884]
INFO: [Synth 8-6157] synthesizing module 'axi_data_fifo_v2_1_28_ndeep_srl__parameterized0' [c:/Users/oscar/Desktop/mycpu_env/soc_verify/soc_axi/rtl/xilinx_ip/axi_crossbar_1x2/hdl/axi_data_fifo_v2_1_vl_rfs.v:1129]
INFO: [Synth 8-6155] done synthesizing module 'axi_data_fifo_v2_1_28_ndeep_srl__parameterized0' (0#1) [c:/Users/oscar/Desktop/mycpu_env/soc_verify/soc_axi/rtl/xilinx_ip/axi_crossbar_1x2/hdl/axi_data_fifo_v2_1_vl_rfs.v:1129]
INFO: [Synth 8-155] case statement is not full and has no default [c:/Users/oscar/Desktop/mycpu_env/soc_verify/soc_axi/rtl/xilinx_ip/axi_crossbar_1x2/hdl/axi_data_fifo_v2_1_vl_rfs.v:982]
INFO: [Synth 8-6155] done synthesizing module 'axi_data_fifo_v2_1_28_axic_reg_srl_fifo' (0#1) [c:/Users/oscar/Desktop/mycpu_env/soc_verify/soc_axi/rtl/xilinx_ip/axi_crossbar_1x2/hdl/axi_data_fifo_v2_1_vl_rfs.v:884]
INFO: [Synth 8-6155] done synthesizing module 'axi_crossbar_v2_1_30_wdata_router' (0#1) [c:/Users/oscar/Desktop/mycpu_env/soc_verify/soc_axi/rtl/xilinx_ip/axi_crossbar_1x2/hdl/axi_crossbar_v2_1_vl_rfs.v:4724]
INFO: [Synth 8-6157] synthesizing module 'axi_data_fifo_v2_1_28_axic_srl_fifo__parameterized0' [c:/Users/oscar/Desktop/mycpu_env/soc_verify/soc_axi/rtl/xilinx_ip/axi_crossbar_1x2/hdl/axi_data_fifo_v2_1_vl_rfs.v:694]
INFO: [Synth 8-6155] done synthesizing module 'axi_data_fifo_v2_1_28_axic_srl_fifo__parameterized0' (0#1) [c:/Users/oscar/Desktop/mycpu_env/soc_verify/soc_axi/rtl/xilinx_ip/axi_crossbar_1x2/hdl/axi_data_fifo_v2_1_vl_rfs.v:694]
INFO: [Synth 8-6157] synthesizing module 'axi_crossbar_v2_1_30_wdata_mux' [c:/Users/oscar/Desktop/mycpu_env/soc_verify/soc_axi/rtl/xilinx_ip/axi_crossbar_1x2/hdl/axi_crossbar_v2_1_vl_rfs.v:4550]
INFO: [Synth 8-6155] done synthesizing module 'axi_crossbar_v2_1_30_wdata_mux' (0#1) [c:/Users/oscar/Desktop/mycpu_env/soc_verify/soc_axi/rtl/xilinx_ip/axi_crossbar_1x2/hdl/axi_crossbar_v2_1_vl_rfs.v:4550]
INFO: [Synth 8-6157] synthesizing module 'axi_register_slice_v2_1_29_axi_register_slice' [c:/Users/oscar/Desktop/mycpu_env/soc_verify/soc_axi/rtl/xilinx_ip/axi_crossbar_1x2/hdl/axi_register_slice_v2_1_vl_rfs.v:3718]
INFO: [Synth 8-6157] synthesizing module 'axi_infrastructure_v1_1_0_axi2vector' [c:/Users/oscar/Desktop/mycpu_env/soc_verify/soc_axi/rtl/xilinx_ip/axi_crossbar_1x2/hdl/axi_infrastructure_v1_1_vl_rfs.v:59]
INFO: [Synth 8-6155] done synthesizing module 'axi_infrastructure_v1_1_0_axi2vector' (0#1) [c:/Users/oscar/Desktop/mycpu_env/soc_verify/soc_axi/rtl/xilinx_ip/axi_crossbar_1x2/hdl/axi_infrastructure_v1_1_vl_rfs.v:59]
INFO: [Synth 8-6157] synthesizing module 'axi_infrastructure_v1_1_0_vector2axi' [c:/Users/oscar/Desktop/mycpu_env/soc_verify/soc_axi/rtl/xilinx_ip/axi_crossbar_1x2/hdl/axi_infrastructure_v1_1_vl_rfs.v:473]
INFO: [Synth 8-6155] done synthesizing module 'axi_infrastructure_v1_1_0_vector2axi' (0#1) [c:/Users/oscar/Desktop/mycpu_env/soc_verify/soc_axi/rtl/xilinx_ip/axi_crossbar_1x2/hdl/axi_infrastructure_v1_1_vl_rfs.v:473]
INFO: [Synth 8-6157] synthesizing module 'axi_register_slice_v2_1_29_axic_register_slice' [c:/Users/oscar/Desktop/mycpu_env/soc_verify/soc_axi/rtl/xilinx_ip/axi_crossbar_1x2/hdl/axi_register_slice_v2_1_vl_rfs.v:1492]
INFO: [Synth 8-6155] done synthesizing module 'axi_register_slice_v2_1_29_axic_register_slice' (0#1) [c:/Users/oscar/Desktop/mycpu_env/soc_verify/soc_axi/rtl/xilinx_ip/axi_crossbar_1x2/hdl/axi_register_slice_v2_1_vl_rfs.v:1492]
INFO: [Synth 8-6157] synthesizing module 'axi_register_slice_v2_1_29_axic_register_slice__parameterized0' [c:/Users/oscar/Desktop/mycpu_env/soc_verify/soc_axi/rtl/xilinx_ip/axi_crossbar_1x2/hdl/axi_register_slice_v2_1_vl_rfs.v:1492]
INFO: [Synth 8-6155] done synthesizing module 'axi_register_slice_v2_1_29_axic_register_slice__parameterized0' (0#1) [c:/Users/oscar/Desktop/mycpu_env/soc_verify/soc_axi/rtl/xilinx_ip/axi_crossbar_1x2/hdl/axi_register_slice_v2_1_vl_rfs.v:1492]
INFO: [Synth 8-6157] synthesizing module 'axi_register_slice_v2_1_29_axic_register_slice__parameterized1' [c:/Users/oscar/Desktop/mycpu_env/soc_verify/soc_axi/rtl/xilinx_ip/axi_crossbar_1x2/hdl/axi_register_slice_v2_1_vl_rfs.v:1492]
INFO: [Synth 8-6155] done synthesizing module 'axi_register_slice_v2_1_29_axic_register_slice__parameterized1' (0#1) [c:/Users/oscar/Desktop/mycpu_env/soc_verify/soc_axi/rtl/xilinx_ip/axi_crossbar_1x2/hdl/axi_register_slice_v2_1_vl_rfs.v:1492]
INFO: [Synth 8-6157] synthesizing module 'axi_register_slice_v2_1_29_axic_register_slice__parameterized2' [c:/Users/oscar/Desktop/mycpu_env/soc_verify/soc_axi/rtl/xilinx_ip/axi_crossbar_1x2/hdl/axi_register_slice_v2_1_vl_rfs.v:1492]
INFO: [Synth 8-6155] done synthesizing module 'axi_register_slice_v2_1_29_axic_register_slice__parameterized2' (0#1) [c:/Users/oscar/Desktop/mycpu_env/soc_verify/soc_axi/rtl/xilinx_ip/axi_crossbar_1x2/hdl/axi_register_slice_v2_1_vl_rfs.v:1492]
INFO: [Synth 8-6155] done synthesizing module 'axi_register_slice_v2_1_29_axi_register_slice' (0#1) [c:/Users/oscar/Desktop/mycpu_env/soc_verify/soc_axi/rtl/xilinx_ip/axi_crossbar_1x2/hdl/axi_register_slice_v2_1_vl_rfs.v:3718]
WARNING: [Synth 8-7071] port 'aclk2x' of module 'axi_register_slice_v2_1_29_axi_register_slice' is unconnected for instance 'reg_slice_mi' [c:/Users/oscar/Desktop/mycpu_env/soc_verify/soc_axi/rtl/xilinx_ip/axi_crossbar_1x2/hdl/axi_crossbar_v2_1_vl_rfs.v:3116]
WARNING: [Synth 8-7023] instance 'reg_slice_mi' of module 'axi_register_slice_v2_1_29_axi_register_slice' has 93 connections declared, but only 92 given [c:/Users/oscar/Desktop/mycpu_env/soc_verify/soc_axi/rtl/xilinx_ip/axi_crossbar_1x2/hdl/axi_crossbar_v2_1_vl_rfs.v:3116]
WARNING: [Synth 8-7071] port 'aclk2x' of module 'axi_register_slice_v2_1_29_axi_register_slice' is unconnected for instance 'reg_slice_mi' [c:/Users/oscar/Desktop/mycpu_env/soc_verify/soc_axi/rtl/xilinx_ip/axi_crossbar_1x2/hdl/axi_crossbar_v2_1_vl_rfs.v:3116]
WARNING: [Synth 8-7023] instance 'reg_slice_mi' of module 'axi_register_slice_v2_1_29_axi_register_slice' has 93 connections declared, but only 92 given [c:/Users/oscar/Desktop/mycpu_env/soc_verify/soc_axi/rtl/xilinx_ip/axi_crossbar_1x2/hdl/axi_crossbar_v2_1_vl_rfs.v:3116]
INFO: [Synth 8-6157] synthesizing module 'axi_data_fifo_v2_1_28_axic_srl_fifo__parameterized1' [c:/Users/oscar/Desktop/mycpu_env/soc_verify/soc_axi/rtl/xilinx_ip/axi_crossbar_1x2/hdl/axi_data_fifo_v2_1_vl_rfs.v:694]
INFO: [Synth 8-6155] done synthesizing module 'axi_data_fifo_v2_1_28_axic_srl_fifo__parameterized1' (0#1) [c:/Users/oscar/Desktop/mycpu_env/soc_verify/soc_axi/rtl/xilinx_ip/axi_crossbar_1x2/hdl/axi_data_fifo_v2_1_vl_rfs.v:694]
INFO: [Synth 8-6157] synthesizing module 'axi_crossbar_v2_1_30_wdata_mux__parameterized0' [c:/Users/oscar/Desktop/mycpu_env/soc_verify/soc_axi/rtl/xilinx_ip/axi_crossbar_1x2/hdl/axi_crossbar_v2_1_vl_rfs.v:4550]
INFO: [Synth 8-6155] done synthesizing module 'axi_crossbar_v2_1_30_wdata_mux__parameterized0' (0#1) [c:/Users/oscar/Desktop/mycpu_env/soc_verify/soc_axi/rtl/xilinx_ip/axi_crossbar_1x2/hdl/axi_crossbar_v2_1_vl_rfs.v:4550]
WARNING: [Synth 8-7071] port 'aclk2x' of module 'axi_register_slice_v2_1_29_axi_register_slice' is unconnected for instance 'reg_slice_mi' [c:/Users/oscar/Desktop/mycpu_env/soc_verify/soc_axi/rtl/xilinx_ip/axi_crossbar_1x2/hdl/axi_crossbar_v2_1_vl_rfs.v:3116]
WARNING: [Synth 8-7023] instance 'reg_slice_mi' of module 'axi_register_slice_v2_1_29_axi_register_slice' has 93 connections declared, but only 92 given [c:/Users/oscar/Desktop/mycpu_env/soc_verify/soc_axi/rtl/xilinx_ip/axi_crossbar_1x2/hdl/axi_crossbar_v2_1_vl_rfs.v:3116]
INFO: [Synth 8-6157] synthesizing module 'axi_crossbar_v2_1_30_decerr_slave' [c:/Users/oscar/Desktop/mycpu_env/soc_verify/soc_axi/rtl/xilinx_ip/axi_crossbar_1x2/hdl/axi_crossbar_v2_1_vl_rfs.v:3493]
INFO: [Synth 8-155] case statement is not full and has no default [c:/Users/oscar/Desktop/mycpu_env/soc_verify/soc_axi/rtl/xilinx_ip/axi_crossbar_1x2/hdl/axi_crossbar_v2_1_vl_rfs.v:3626]
INFO: [Synth 8-6155] done synthesizing module 'axi_crossbar_v2_1_30_decerr_slave' (0#1) [c:/Users/oscar/Desktop/mycpu_env/soc_verify/soc_axi/rtl/xilinx_ip/axi_crossbar_1x2/hdl/axi_crossbar_v2_1_vl_rfs.v:3493]
INFO: [Synth 8-6157] synthesizing module 'axi_crossbar_v2_1_30_addr_arbiter' [c:/Users/oscar/Desktop/mycpu_env/soc_verify/soc_axi/rtl/xilinx_ip/axi_crossbar_1x2/hdl/axi_crossbar_v2_1_vl_rfs.v:420]
INFO: [Synth 8-6155] done synthesizing module 'axi_crossbar_v2_1_30_addr_arbiter' (0#1) [c:/Users/oscar/Desktop/mycpu_env/soc_verify/soc_axi/rtl/xilinx_ip/axi_crossbar_1x2/hdl/axi_crossbar_v2_1_vl_rfs.v:420]
INFO: [Synth 8-6155] done synthesizing module 'axi_crossbar_v2_1_30_crossbar' (0#1) [c:/Users/oscar/Desktop/mycpu_env/soc_verify/soc_axi/rtl/xilinx_ip/axi_crossbar_1x2/hdl/axi_crossbar_v2_1_vl_rfs.v:2232]
INFO: [Synth 8-6155] done synthesizing module 'axi_crossbar_v2_1_30_axi_crossbar' (0#1) [c:/Users/oscar/Desktop/mycpu_env/soc_verify/soc_axi/rtl/xilinx_ip/axi_crossbar_1x2/hdl/axi_crossbar_v2_1_vl_rfs.v:4871]
INFO: [Synth 8-6155] done synthesizing module 'axi_crossbar_1x2' (0#1) [c:/Users/oscar/Desktop/mycpu_env/soc_verify/soc_axi/rtl/xilinx_ip/axi_crossbar_1x2/synth/axi_crossbar_1x2.v:53]
WARNING: [Synth 8-6014] Unused sequential element areset_d1_reg was removed.  [c:/Users/oscar/Desktop/mycpu_env/soc_verify/soc_axi/rtl/xilinx_ip/axi_crossbar_1x2/hdl/axi_data_fifo_v2_1_vl_rfs.v:747]
WARNING: [Synth 8-6014] Unused sequential element S_READY_i_reg was removed.  [c:/Users/oscar/Desktop/mycpu_env/soc_verify/soc_axi/rtl/xilinx_ip/axi_crossbar_1x2/hdl/axi_data_fifo_v2_1_vl_rfs.v:786]
WARNING: [Synth 8-6014] Unused sequential element gen_multi_thread.gen_thread_loop[0].gen_debug_r_multi_thread.debug_r_beat_cnt_i_reg was removed.  [c:/Users/oscar/Desktop/mycpu_env/soc_verify/soc_axi/rtl/xilinx_ip/axi_crossbar_1x2/hdl/axi_crossbar_v2_1_vl_rfs.v:4338]
WARNING: [Synth 8-6014] Unused sequential element gen_multi_thread.gen_thread_loop[1].gen_debug_r_multi_thread.debug_r_beat_cnt_i_reg was removed.  [c:/Users/oscar/Desktop/mycpu_env/soc_verify/soc_axi/rtl/xilinx_ip/axi_crossbar_1x2/hdl/axi_crossbar_v2_1_vl_rfs.v:4338]
WARNING: [Synth 8-6014] Unused sequential element gen_multi_thread.gen_thread_loop[2].gen_debug_r_multi_thread.debug_r_beat_cnt_i_reg was removed.  [c:/Users/oscar/Desktop/mycpu_env/soc_verify/soc_axi/rtl/xilinx_ip/axi_crossbar_1x2/hdl/axi_crossbar_v2_1_vl_rfs.v:4338]
WARNING: [Synth 8-6014] Unused sequential element gen_multi_thread.gen_thread_loop[3].gen_debug_r_multi_thread.debug_r_beat_cnt_i_reg was removed.  [c:/Users/oscar/Desktop/mycpu_env/soc_verify/soc_axi/rtl/xilinx_ip/axi_crossbar_1x2/hdl/axi_crossbar_v2_1_vl_rfs.v:4338]
WARNING: [Synth 8-6014] Unused sequential element gen_multi_thread.gen_thread_loop[0].gen_debug_r_multi_thread.debug_r_beat_cnt_i_reg was removed.  [c:/Users/oscar/Desktop/mycpu_env/soc_verify/soc_axi/rtl/xilinx_ip/axi_crossbar_1x2/hdl/axi_crossbar_v2_1_vl_rfs.v:4338]
WARNING: [Synth 8-6014] Unused sequential element gen_multi_thread.gen_thread_loop[1].gen_debug_r_multi_thread.debug_r_beat_cnt_i_reg was removed.  [c:/Users/oscar/Desktop/mycpu_env/soc_verify/soc_axi/rtl/xilinx_ip/axi_crossbar_1x2/hdl/axi_crossbar_v2_1_vl_rfs.v:4338]
WARNING: [Synth 8-6014] Unused sequential element gen_multi_thread.gen_thread_loop[2].gen_debug_r_multi_thread.debug_r_beat_cnt_i_reg was removed.  [c:/Users/oscar/Desktop/mycpu_env/soc_verify/soc_axi/rtl/xilinx_ip/axi_crossbar_1x2/hdl/axi_crossbar_v2_1_vl_rfs.v:4338]
WARNING: [Synth 8-6014] Unused sequential element gen_multi_thread.gen_thread_loop[3].gen_debug_r_multi_thread.debug_r_beat_cnt_i_reg was removed.  [c:/Users/oscar/Desktop/mycpu_env/soc_verify/soc_axi/rtl/xilinx_ip/axi_crossbar_1x2/hdl/axi_crossbar_v2_1_vl_rfs.v:4338]
WARNING: [Synth 8-6014] Unused sequential element areset_d1_reg was removed.  [c:/Users/oscar/Desktop/mycpu_env/soc_verify/soc_axi/rtl/xilinx_ip/axi_crossbar_1x2/hdl/axi_data_fifo_v2_1_vl_rfs.v:747]
WARNING: [Synth 8-6014] Unused sequential element S_READY_i_reg was removed.  [c:/Users/oscar/Desktop/mycpu_env/soc_verify/soc_axi/rtl/xilinx_ip/axi_crossbar_1x2/hdl/axi_data_fifo_v2_1_vl_rfs.v:786]
WARNING: [Synth 8-6014] Unused sequential element areset_d1_reg was removed.  [c:/Users/oscar/Desktop/mycpu_env/soc_verify/soc_axi/rtl/xilinx_ip/axi_crossbar_1x2/hdl/axi_data_fifo_v2_1_vl_rfs.v:747]
WARNING: [Synth 8-6014] Unused sequential element S_READY_i_reg was removed.  [c:/Users/oscar/Desktop/mycpu_env/soc_verify/soc_axi/rtl/xilinx_ip/axi_crossbar_1x2/hdl/axi_data_fifo_v2_1_vl_rfs.v:786]
WARNING: [Synth 8-6014] Unused sequential element gen_master_slots[0].gen_mi_write.gen_debug_w.debug_w_beat_cnt_i_reg was removed.  [c:/Users/oscar/Desktop/mycpu_env/soc_verify/soc_axi/rtl/xilinx_ip/axi_crossbar_1x2/hdl/axi_crossbar_v2_1_vl_rfs.v:2991]
WARNING: [Synth 8-6014] Unused sequential element gen_master_slots[1].gen_mi_write.gen_debug_w.debug_w_beat_cnt_i_reg was removed.  [c:/Users/oscar/Desktop/mycpu_env/soc_verify/soc_axi/rtl/xilinx_ip/axi_crossbar_1x2/hdl/axi_crossbar_v2_1_vl_rfs.v:2991]
WARNING: [Synth 8-6014] Unused sequential element gen_master_slots[2].gen_mi_write.gen_debug_w.debug_w_beat_cnt_i_reg was removed.  [c:/Users/oscar/Desktop/mycpu_env/soc_verify/soc_axi/rtl/xilinx_ip/axi_crossbar_1x2/hdl/axi_crossbar_v2_1_vl_rfs.v:2991]
WARNING: [Synth 8-7129] Port ACLK in module axi_register_slice_v2_1_29_axic_register_slice is either unconnected or has no load
WARNING: [Synth 8-7129] Port ARESET in module axi_register_slice_v2_1_29_axic_register_slice is either unconnected or has no load
WARNING: [Synth 8-7129] Port ACLK in module axi_register_slice_v2_1_29_axic_register_slice__parameterized0 is either unconnected or has no load
WARNING: [Synth 8-7129] Port ARESET in module axi_register_slice_v2_1_29_axic_register_slice__parameterized0 is either unconnected or has no load
WARNING: [Synth 8-7129] Port m_axi_buser[0] in module axi_infrastructure_v1_1_0_vector2axi is either unconnected or has no load
WARNING: [Synth 8-7129] Port m_axi_ruser[0] in module axi_infrastructure_v1_1_0_vector2axi is either unconnected or has no load
WARNING: [Synth 8-7129] Port s_axi_awregion[3] in module axi_infrastructure_v1_1_0_axi2vector is either unconnected or has no load
WARNING: [Synth 8-7129] Port s_axi_awregion[2] in module axi_infrastructure_v1_1_0_axi2vector is either unconnected or has no load
WARNING: [Synth 8-7129] Port s_axi_awregion[1] in module axi_infrastructure_v1_1_0_axi2vector is either unconnected or has no load
WARNING: [Synth 8-7129] Port s_axi_awregion[0] in module axi_infrastructure_v1_1_0_axi2vector is either unconnected or has no load
WARNING: [Synth 8-7129] Port s_axi_awuser[0] in module axi_infrastructure_v1_1_0_axi2vector is either unconnected or has no load
WARNING: [Synth 8-7129] Port s_axi_wuser[0] in module axi_infrastructure_v1_1_0_axi2vector is either unconnected or has no load
WARNING: [Synth 8-7129] Port s_axi_arregion[3] in module axi_infrastructure_v1_1_0_axi2vector is either unconnected or has no load
WARNING: [Synth 8-7129] Port s_axi_arregion[2] in module axi_infrastructure_v1_1_0_axi2vector is either unconnected or has no load
WARNING: [Synth 8-7129] Port s_axi_arregion[1] in module axi_infrastructure_v1_1_0_axi2vector is either unconnected or has no load
WARNING: [Synth 8-7129] Port s_axi_arregion[0] in module axi_infrastructure_v1_1_0_axi2vector is either unconnected or has no load
WARNING: [Synth 8-7129] Port s_axi_aruser[0] in module axi_infrastructure_v1_1_0_axi2vector is either unconnected or has no load
WARNING: [Synth 8-7129] Port aclk2x in module axi_register_slice_v2_1_29_axi_register_slice is either unconnected or has no load
WARNING: [Synth 8-7129] Port ACLK in module axi_crossbar_v2_1_30_wdata_mux__parameterized0 is either unconnected or has no load
WARNING: [Synth 8-7129] Port ARESET in module axi_crossbar_v2_1_30_wdata_mux__parameterized0 is either unconnected or has no load
WARNING: [Synth 8-7129] Port S_ASELECT[0] in module axi_crossbar_v2_1_30_wdata_mux__parameterized0 is either unconnected or has no load
WARNING: [Synth 8-7129] Port S_AVALID in module axi_crossbar_v2_1_30_wdata_mux__parameterized0 is either unconnected or has no load
WARNING: [Synth 8-7129] Port ACLK in module axi_crossbar_v2_1_30_wdata_mux is either unconnected or has no load
WARNING: [Synth 8-7129] Port ARESET in module axi_crossbar_v2_1_30_wdata_mux is either unconnected or has no load
WARNING: [Synth 8-7129] Port S_ASELECT[0] in module axi_crossbar_v2_1_30_wdata_mux is either unconnected or has no load
WARNING: [Synth 8-7129] Port S_AVALID in module axi_crossbar_v2_1_30_wdata_mux is either unconnected or has no load
WARNING: [Synth 8-7129] Port ADDR[1] in module axi_crossbar_v2_1_30_addr_decoder is either unconnected or has no load
WARNING: [Synth 8-7129] Port ADDR[0] in module axi_crossbar_v2_1_30_addr_decoder is either unconnected or has no load
WARNING: [Synth 8-7129] Port S_ABURST[1] in module axi_crossbar_v2_1_30_si_transactor__parameterized0 is either unconnected or has no load
WARNING: [Synth 8-7129] Port S_ABURST[0] in module axi_crossbar_v2_1_30_si_transactor__parameterized0 is either unconnected or has no load
WARNING: [Synth 8-7129] Port S_ABURST[1] in module axi_crossbar_v2_1_30_si_transactor is either unconnected or has no load
WARNING: [Synth 8-7129] Port S_ABURST[0] in module axi_crossbar_v2_1_30_si_transactor is either unconnected or has no load
WARNING: [Synth 8-7129] Port s_axi_awlock[1] in module axi_crossbar_v2_1_30_axi_crossbar is either unconnected or has no load
WARNING: [Synth 8-7129] Port s_axi_awuser[0] in module axi_crossbar_v2_1_30_axi_crossbar is either unconnected or has no load
WARNING: [Synth 8-7129] Port s_axi_wuser[0] in module axi_crossbar_v2_1_30_axi_crossbar is either unconnected or has no load
WARNING: [Synth 8-7129] Port s_axi_arlock[1] in module axi_crossbar_v2_1_30_axi_crossbar is either unconnected or has no load
WARNING: [Synth 8-7129] Port s_axi_aruser[0] in module axi_crossbar_v2_1_30_axi_crossbar is either unconnected or has no load
WARNING: [Synth 8-7129] Port m_axi_buser[1] in module axi_crossbar_v2_1_30_axi_crossbar is either unconnected or has no load
WARNING: [Synth 8-7129] Port m_axi_buser[0] in module axi_crossbar_v2_1_30_axi_crossbar is either unconnected or has no load
WARNING: [Synth 8-7129] Port m_axi_ruser[1] in module axi_crossbar_v2_1_30_axi_crossbar is either unconnected or has no load
WARNING: [Synth 8-7129] Port m_axi_ruser[0] in module axi_crossbar_v2_1_30_axi_crossbar is either unconnected or has no load
---------------------------------------------------------------------------------
Finished RTL Elaboration : Time (s): cpu = 00:00:20 ; elapsed = 00:00:23 . Memory (MB): peak = 1615.359 ; gain = 695.371
---------------------------------------------------------------------------------
---------------------------------------------------------------------------------
Start Handling Custom Attributes
---------------------------------------------------------------------------------
---------------------------------------------------------------------------------
Finished Handling Custom Attributes : Time (s): cpu = 00:00:21 ; elapsed = 00:00:23 . Memory (MB): peak = 1615.359 ; gain = 695.371
---------------------------------------------------------------------------------
---------------------------------------------------------------------------------
Finished RTL Optimization Phase 1 : Time (s): cpu = 00:00:21 ; elapsed = 00:00:23 . Memory (MB): peak = 1615.359 ; gain = 695.371
---------------------------------------------------------------------------------
Netlist sorting complete. Time (s): cpu = 00:00:00 ; elapsed = 00:00:00.108 . Memory (MB): peak = 1615.359 ; gain = 0.000
INFO: [Project 1-570] Preparing netlist for logic optimization

Processing XDC Constraints
Initializing timing engine
Parsing XDC File [c:/Users/oscar/Desktop/mycpu_env/soc_verify/soc_axi/rtl/xilinx_ip/axi_crossbar_1x2/axi_crossbar_1x2_ooc.xdc] for cell 'inst'
Finished Parsing XDC File [c:/Users/oscar/Desktop/mycpu_env/soc_verify/soc_axi/rtl/xilinx_ip/axi_crossbar_1x2/axi_crossbar_1x2_ooc.xdc] for cell 'inst'
Parsing XDC File [c:/Users/oscar/Desktop/mycpu_env/soc_verify/soc_axi/run_vivado/project/loongson.runs/axi_crossbar_1x2_synth_1/dont_touch.xdc]
Finished Parsing XDC File [c:/Users/oscar/Desktop/mycpu_env/soc_verify/soc_axi/run_vivado/project/loongson.runs/axi_crossbar_1x2_synth_1/dont_touch.xdc]
Completed Processing XDC Constraints

Netlist sorting complete. Time (s): cpu = 00:00:00 ; elapsed = 00:00:00.003 . Memory (MB): peak = 1715.309 ; gain = 0.000
INFO: [Project 1-111] Unisim Transformation Summary:
No Unisim elements were transformed.

The system cannot find the path specified.
Constraint Validation Runtime : Time (s): cpu = 00:00:00 ; elapsed = 00:00:00.107 . Memory (MB): peak = 1715.922 ; gain = 0.613
INFO: [Designutils 20-5008] Incremental synthesis strategy off
---------------------------------------------------------------------------------
Finished Constraint Validation : Time (s): cpu = 00:00:32 ; elapsed = 00:00:35 . Memory (MB): peak = 1715.922 ; gain = 795.934
---------------------------------------------------------------------------------
---------------------------------------------------------------------------------
Start Loading Part and Timing Information
---------------------------------------------------------------------------------
Loading part: xc7a200tfbg676-1
---------------------------------------------------------------------------------
Finished Loading Part and Timing Information : Time (s): cpu = 00:00:32 ; elapsed = 00:00:35 . Memory (MB): peak = 1715.922 ; gain = 795.934
---------------------------------------------------------------------------------
---------------------------------------------------------------------------------
Start Applying 'set_property' XDC Constraints
---------------------------------------------------------------------------------
Applied set_property KEEP_HIERARCHY = SOFT for inst. (constraint file  c:/Users/oscar/Desktop/mycpu_env/soc_verify/soc_axi/run_vivado/project/loongson.runs/axi_crossbar_1x2_synth_1/dont_touch.xdc, line 9).
---------------------------------------------------------------------------------
Finished applying 'set_property' XDC Constraints : Time (s): cpu = 00:00:32 ; elapsed = 00:00:35 . Memory (MB): peak = 1715.922 ; gain = 795.934
---------------------------------------------------------------------------------
INFO: [Synth 8-802] inferred FSM for state register 'state_reg' in module 'axi_data_fifo_v2_1_28_axic_reg_srl_fifo'
INFO: [Synth 8-802] inferred FSM for state register 'gen_axi.write_cs_reg' in module 'axi_crossbar_v2_1_30_decerr_slave'
---------------------------------------------------------------------------------------------------
                   State |                     New Encoding |                Previous Encoding 
---------------------------------------------------------------------------------------------------
                    ZERO |                             1000 |                               10
                     ONE |                             0010 |                               11
                     TWO |                             0001 |                               01
                  iSTATE |                             0100 |                               00
---------------------------------------------------------------------------------------------------
INFO: [Synth 8-3354] encoded FSM with state register 'state_reg' using encoding 'one-hot' in module 'axi_data_fifo_v2_1_28_axic_reg_srl_fifo'
---------------------------------------------------------------------------------------------------
                   State |                     New Encoding |                Previous Encoding 
---------------------------------------------------------------------------------------------------
            P_WRITE_IDLE |                              001 |                               00
            P_WRITE_DATA |                              010 |                               01
            P_WRITE_RESP |                              100 |                               10
---------------------------------------------------------------------------------------------------
INFO: [Synth 8-3354] encoded FSM with state register 'gen_axi.write_cs_reg' using encoding 'one-hot' in module 'axi_crossbar_v2_1_30_decerr_slave'
---------------------------------------------------------------------------------
Finished RTL Optimization Phase 2 : Time (s): cpu = 00:00:34 ; elapsed = 00:00:37 . Memory (MB): peak = 1715.922 ; gain = 795.934
---------------------------------------------------------------------------------
---------------------------------------------------------------------------------
Start RTL Component Statistics 
---------------------------------------------------------------------------------
Detailed RTL Component Info : 
+---Adders : 
	   2 Input    8 Bit       Adders := 3     
	   2 Input    3 Bit       Adders := 30    
	   2 Input    2 Bit       Adders := 5     
	   2 Input    1 Bit       Adders := 2     
+---XORs : 
	   2 Input      1 Bit         XORs := 12    
+---Registers : 
	               67 Bit    Registers := 2     
	               39 Bit    Registers := 6     
	                8 Bit    Registers := 3     
	                6 Bit    Registers := 3     
	                4 Bit    Registers := 10    
	                3 Bit    Registers := 16    
	                2 Bit    Registers := 13    
	                1 Bit    Registers := 39    
+---Muxes : 
	   2 Input   39 Bit        Muxes := 6     
	   2 Input   32 Bit        Muxes := 8     
	   2 Input   24 Bit        Muxes := 6     
	   2 Input    8 Bit        Muxes := 1     
	   3 Input    4 Bit        Muxes := 1     
	   2 Input    4 Bit        Muxes := 3     
	   2 Input    3 Bit        Muxes := 14    
	   3 Input    3 Bit        Muxes := 8     
	   2 Input    2 Bit        Muxes := 25    
	   2 Input    1 Bit        Muxes := 48    
	   4 Input    1 Bit        Muxes := 3     
	   3 Input    1 Bit        Muxes := 9     
---------------------------------------------------------------------------------
Finished RTL Component Statistics 
---------------------------------------------------------------------------------
---------------------------------------------------------------------------------
Start Part Resource Summary
---------------------------------------------------------------------------------
Part Resources:
DSPs: 740 (col length:100)
BRAMs: 730 (col length: RAMB18 100 RAMB36 50)
---------------------------------------------------------------------------------
Finished Part Resource Summary
---------------------------------------------------------------------------------
---------------------------------------------------------------------------------
Start Cross Boundary and Area Optimization
---------------------------------------------------------------------------------
WARNING: [Synth 8-7080] Parallel synthesis criteria is not met
WARNING: [Synth 8-7129] Port s_axi_awlock[1] in module axi_crossbar_v2_1_30_axi_crossbar is either unconnected or has no load
WARNING: [Synth 8-7129] Port s_axi_awuser[0] in module axi_crossbar_v2_1_30_axi_crossbar is either unconnected or has no load
WARNING: [Synth 8-7129] Port s_axi_wuser[0] in module axi_crossbar_v2_1_30_axi_crossbar is either unconnected or has no load
WARNING: [Synth 8-7129] Port s_axi_arlock[1] in module axi_crossbar_v2_1_30_axi_crossbar is either unconnected or has no load
WARNING: [Synth 8-7129] Port s_axi_aruser[0] in module axi_crossbar_v2_1_30_axi_crossbar is either unconnected or has no load
WARNING: [Synth 8-7129] Port m_axi_buser[1] in module axi_crossbar_v2_1_30_axi_crossbar is either unconnected or has no load
WARNING: [Synth 8-7129] Port m_axi_buser[0] in module axi_crossbar_v2_1_30_axi_crossbar is either unconnected or has no load
WARNING: [Synth 8-7129] Port m_axi_ruser[1] in module axi_crossbar_v2_1_30_axi_crossbar is either unconnected or has no load
WARNING: [Synth 8-7129] Port m_axi_ruser[0] in module axi_crossbar_v2_1_30_axi_crossbar is either unconnected or has no load
INFO: [Synth 8-3332] Sequential element (gen_samd.crossbar_samd/gen_slave_slots[0].gen_si_write.wdata_router_w/wrouter_aw_fifo/FSM_onehot_state_reg[2]) is unused and will be removed from module axi_crossbar_v2_1_30_axi_crossbar.
---------------------------------------------------------------------------------
Finished Cross Boundary and Area Optimization : Time (s): cpu = 00:00:39 ; elapsed = 00:00:43 . Memory (MB): peak = 1715.922 ; gain = 795.934
---------------------------------------------------------------------------------
---------------------------------------------------------------------------------
Start Applying XDC Timing Constraints
---------------------------------------------------------------------------------
---------------------------------------------------------------------------------
Finished Applying XDC Timing Constraints : Time (s): cpu = 00:00:45 ; elapsed = 00:00:51 . Memory (MB): peak = 1715.922 ; gain = 795.934
---------------------------------------------------------------------------------
---------------------------------------------------------------------------------
Start Timing Optimization
---------------------------------------------------------------------------------
---------------------------------------------------------------------------------
Finished Timing Optimization : Time (s): cpu = 00:00:52 ; elapsed = 00:00:58 . Memory (MB): peak = 1715.922 ; gain = 795.934
---------------------------------------------------------------------------------
---------------------------------------------------------------------------------
Start Technology Mapping
---------------------------------------------------------------------------------
---------------------------------------------------------------------------------
Finished Technology Mapping : Time (s): cpu = 00:00:53 ; elapsed = 00:00:58 . Memory (MB): peak = 1715.922 ; gain = 795.934
---------------------------------------------------------------------------------
---------------------------------------------------------------------------------
Start IO Insertion
---------------------------------------------------------------------------------
---------------------------------------------------------------------------------
Start Flattening Before IO Insertion
---------------------------------------------------------------------------------
---------------------------------------------------------------------------------
Finished Flattening Before IO Insertion
---------------------------------------------------------------------------------
---------------------------------------------------------------------------------
Start Final Netlist Cleanup
---------------------------------------------------------------------------------
---------------------------------------------------------------------------------
Finished Final Netlist Cleanup
---------------------------------------------------------------------------------
---------------------------------------------------------------------------------
Finished IO Insertion : Time (s): cpu = 00:00:59 ; elapsed = 00:01:05 . Memory (MB): peak = 1715.922 ; gain = 795.934
---------------------------------------------------------------------------------
---------------------------------------------------------------------------------
Start Renaming Generated Instances
---------------------------------------------------------------------------------
---------------------------------------------------------------------------------
Finished Renaming Generated Instances : Time (s): cpu = 00:00:59 ; elapsed = 00:01:05 . Memory (MB): peak = 1715.922 ; gain = 795.934
---------------------------------------------------------------------------------
---------------------------------------------------------------------------------
Start Rebuilding User Hierarchy
---------------------------------------------------------------------------------
---------------------------------------------------------------------------------
Finished Rebuilding User Hierarchy : Time (s): cpu = 00:00:59 ; elapsed = 00:01:05 . Memory (MB): peak = 1715.922 ; gain = 795.934
---------------------------------------------------------------------------------
---------------------------------------------------------------------------------
Start Renaming Generated Ports
---------------------------------------------------------------------------------
---------------------------------------------------------------------------------
Finished Renaming Generated Ports : Time (s): cpu = 00:00:59 ; elapsed = 00:01:05 . Memory (MB): peak = 1715.922 ; gain = 795.934
---------------------------------------------------------------------------------
---------------------------------------------------------------------------------
Start Handling Custom Attributes
---------------------------------------------------------------------------------
---------------------------------------------------------------------------------
Finished Handling Custom Attributes : Time (s): cpu = 00:00:59 ; elapsed = 00:01:05 . Memory (MB): peak = 1715.922 ; gain = 795.934
---------------------------------------------------------------------------------
---------------------------------------------------------------------------------
Start Renaming Generated Nets
---------------------------------------------------------------------------------
---------------------------------------------------------------------------------
Finished Renaming Generated Nets : Time (s): cpu = 00:00:59 ; elapsed = 00:01:05 . Memory (MB): peak = 1715.922 ; gain = 795.934
---------------------------------------------------------------------------------
---------------------------------------------------------------------------------
Start Writing Synthesis Report
---------------------------------------------------------------------------------

Report BlackBoxes: 
+-+--------------+----------+
| |BlackBox name |Instances |
+-+--------------+----------+
+-+--------------+----------+

Report Cell Usage: 
+------+--------+------+
|      |Cell    |Count |
+------+--------+------+
|1     |LUT1    |    12|
|2     |LUT2    |    18|
|3     |LUT3    |   124|
|4     |LUT4    |    35|
|5     |LUT5    |    72|
|6     |LUT6    |   188|
|7     |SRLC32E |     2|
|8     |FDRE    |   469|
|9     |FDSE    |    11|
+------+--------+------+
---------------------------------------------------------------------------------
Finished Writing Synthesis Report : Time (s): cpu = 00:00:59 ; elapsed = 00:01:05 . Memory (MB): peak = 1715.922 ; gain = 795.934
---------------------------------------------------------------------------------
Synthesis finished with 0 errors, 0 critical warnings and 10 warnings.
Synthesis Optimization Runtime : Time (s): cpu = 00:00:35 ; elapsed = 00:01:01 . Memory (MB): peak = 1715.922 ; gain = 695.371
Synthesis Optimization Complete : Time (s): cpu = 00:00:59 ; elapsed = 00:01:05 . Memory (MB): peak = 1715.922 ; gain = 795.934
INFO: [Project 1-571] Translating synthesized netlist
Netlist sorting complete. Time (s): cpu = 00:00:00 ; elapsed = 00:00:00.037 . Memory (MB): peak = 1715.922 ; gain = 0.000
INFO: [Project 1-570] Preparing netlist for logic optimization
INFO: [Opt 31-138] Pushed 0 inverter(s) to 0 load pin(s).
Netlist sorting complete. Time (s): cpu = 00:00:00 ; elapsed = 00:00:00.001 . Memory (MB): peak = 1715.922 ; gain = 0.000
INFO: [Project 1-111] Unisim Transformation Summary:
No Unisim elements were transformed.

The system cannot find the path specified.
Synth Design complete | Checksum: 910befdb
INFO: [Common 17-83] Releasing license: Synthesis
93 Infos, 74 Warnings, 0 Critical Warnings and 0 Errors encountered.
synth_design completed successfully
synth_design: Time (s): cpu = 00:01:05 ; elapsed = 00:01:12 . Memory (MB): peak = 1715.922 ; gain = 1243.551
Write ShapeDB Complete: Time (s): cpu = 00:00:00 ; elapsed = 00:00:00.004 . Memory (MB): peak = 1715.922 ; gain = 0.000
INFO: [Common 17-1381] The checkpoint 'c:/Users/oscar/Desktop/mycpu_env/soc_verify/soc_axi/run_vivado/project/loongson.runs/axi_crossbar_1x2_synth_1/axi_crossbar_1x2.dcp' has been generated.
INFO: [Coretcl 2-1648] Added synthesis output to IP cache for IP axi_crossbar_1x2, cache-ID = cb09e7cabfd312ba
INFO: [Coretcl 2-1174] Renamed 24 cell refs.
Write ShapeDB Complete: Time (s): cpu = 00:00:00 ; elapsed = 00:00:00.005 . Memory (MB): peak = 1715.922 ; gain = 0.000
INFO: [Common 17-1381] The checkpoint 'c:/Users/oscar/Desktop/mycpu_env/soc_verify/soc_axi/run_vivado/project/loongson.runs/axi_crossbar_1x2_synth_1/axi_crossbar_1x2.dcp' has been generated.
INFO: [runtcl-4] Executing : report_utilization -file axi_crossbar_1x2_utilization_synth.rpt -pb axi_crossbar_1x2_utilization_synth.pb
INFO: [Common 17-206] Exiting Vivado at Fri Dec  1 09:27:34 2023...
