Copyright 1986-2022 Xilinx, Inc. All Rights Reserved. Copyright 2022-2023 Advanced Micro Devices, Inc. All Rights Reserved.
-----------------------------------------------------------------------------------------------------------------------------------------------------------
| Tool Version : Vivado v.2023.2 (win64) Build 4029153 Fri Oct 13 20:14:34 MDT 2023
| Date         : Fri Dec  1 10:22:06 2023
| Host         : yoda running 64-bit major release  (build 9200)
| Command      : report_methodology -file ram_top_methodology_drc_routed.rpt -pb ram_top_methodology_drc_routed.pb -rpx ram_top_methodology_drc_routed.rpx
| Design       : ram_top
| Device       : xc7a200tfbg676-1
| Speed File   : -1
| Design State : Fully Routed
-----------------------------------------------------------------------------------------------------------------------------------------------------------

Report Methodology

Table of Contents
-----------------
1. REPORT SUMMARY
2. REPORT DETAILS

1. REPORT SUMMARY
-----------------
            Netlist: netlist
          Floorplan: design_1
      Design limits: <entire design considered>
             Max violations: <unlimited>
             Violations found: 82
+--------+----------+------------------------------------------+------------+
| Rule   | Severity | Description                              | Violations |
+--------+----------+------------------------------------------+------------+
| XDCH-2 | Warning  | Same min and max delay values on IO port | 82         |
+--------+----------+------------------------------------------+------------+

2. REPORT DETAILS
-----------------
XDCH-2#1 Warning
Same min and max delay values on IO port  
The same input delay of 4.000 ns has been defined on port 'clk' relative to clock clk for both max and min. Make sure this reflects the design intent.
set_input_delay -clock clk 4.000 [all_inputs]
C:/Users/oscar/Desktop/dc_env/exp3/ram.xdc (Line: 3)
Related violations: <none>

XDCH-2#2 Warning
Same min and max delay values on IO port  
The same input delay of 4.000 ns has been defined on port 'ram_addr[0]' relative to clock clk for both max and min. Make sure this reflects the design intent.
set_input_delay -clock clk 4.000 [all_inputs]
C:/Users/oscar/Desktop/dc_env/exp3/ram.xdc (Line: 3)
Related violations: <none>

XDCH-2#3 Warning
Same min and max delay values on IO port  
The same input delay of 4.000 ns has been defined on port 'ram_addr[10]' relative to clock clk for both max and min. Make sure this reflects the design intent.
set_input_delay -clock clk 4.000 [all_inputs]
C:/Users/oscar/Desktop/dc_env/exp3/ram.xdc (Line: 3)
Related violations: <none>

XDCH-2#4 Warning
Same min and max delay values on IO port  
The same input delay of 4.000 ns has been defined on port 'ram_addr[11]' relative to clock clk for both max and min. Make sure this reflects the design intent.
set_input_delay -clock clk 4.000 [all_inputs]
C:/Users/oscar/Desktop/dc_env/exp3/ram.xdc (Line: 3)
Related violations: <none>

XDCH-2#5 Warning
Same min and max delay values on IO port  
The same input delay of 4.000 ns has been defined on port 'ram_addr[12]' relative to clock clk for both max and min. Make sure this reflects the design intent.
set_input_delay -clock clk 4.000 [all_inputs]
C:/Users/oscar/Desktop/dc_env/exp3/ram.xdc (Line: 3)
Related violations: <none>

XDCH-2#6 Warning
Same min and max delay values on IO port  
The same input delay of 4.000 ns has been defined on port 'ram_addr[13]' relative to clock clk for both max and min. Make sure this reflects the design intent.
set_input_delay -clock clk 4.000 [all_inputs]
C:/Users/oscar/Desktop/dc_env/exp3/ram.xdc (Line: 3)
Related violations: <none>

XDCH-2#7 Warning
Same min and max delay values on IO port  
The same input delay of 4.000 ns has been defined on port 'ram_addr[14]' relative to clock clk for both max and min. Make sure this reflects the design intent.
set_input_delay -clock clk 4.000 [all_inputs]
C:/Users/oscar/Desktop/dc_env/exp3/ram.xdc (Line: 3)
Related violations: <none>

XDCH-2#8 Warning
Same min and max delay values on IO port  
The same input delay of 4.000 ns has been defined on port 'ram_addr[15]' relative to clock clk for both max and min. Make sure this reflects the design intent.
set_input_delay -clock clk 4.000 [all_inputs]
C:/Users/oscar/Desktop/dc_env/exp3/ram.xdc (Line: 3)
Related violations: <none>

XDCH-2#9 Warning
Same min and max delay values on IO port  
The same input delay of 4.000 ns has been defined on port 'ram_addr[1]' relative to clock clk for both max and min. Make sure this reflects the design intent.
set_input_delay -clock clk 4.000 [all_inputs]
C:/Users/oscar/Desktop/dc_env/exp3/ram.xdc (Line: 3)
Related violations: <none>

XDCH-2#10 Warning
Same min and max delay values on IO port  
The same input delay of 4.000 ns has been defined on port 'ram_addr[2]' relative to clock clk for both max and min. Make sure this reflects the design intent.
set_input_delay -clock clk 4.000 [all_inputs]
C:/Users/oscar/Desktop/dc_env/exp3/ram.xdc (Line: 3)
Related violations: <none>

XDCH-2#11 Warning
Same min and max delay values on IO port  
The same input delay of 4.000 ns has been defined on port 'ram_addr[3]' relative to clock clk for both max and min. Make sure this reflects the design intent.
set_input_delay -clock clk 4.000 [all_inputs]
C:/Users/oscar/Desktop/dc_env/exp3/ram.xdc (Line: 3)
Related violations: <none>

XDCH-2#12 Warning
Same min and max delay values on IO port  
The same input delay of 4.000 ns has been defined on port 'ram_addr[4]' relative to clock clk for both max and min. Make sure this reflects the design intent.
set_input_delay -clock clk 4.000 [all_inputs]
C:/Users/oscar/Desktop/dc_env/exp3/ram.xdc (Line: 3)
Related violations: <none>

XDCH-2#13 Warning
Same min and max delay values on IO port  
The same input delay of 4.000 ns has been defined on port 'ram_addr[5]' relative to clock clk for both max and min. Make sure this reflects the design intent.
set_input_delay -clock clk 4.000 [all_inputs]
C:/Users/oscar/Desktop/dc_env/exp3/ram.xdc (Line: 3)
Related violations: <none>

XDCH-2#14 Warning
Same min and max delay values on IO port  
The same input delay of 4.000 ns has been defined on port 'ram_addr[6]' relative to clock clk for both max and min. Make sure this reflects the design intent.
set_input_delay -clock clk 4.000 [all_inputs]
C:/Users/oscar/Desktop/dc_env/exp3/ram.xdc (Line: 3)
Related violations: <none>

XDCH-2#15 Warning
Same min and max delay values on IO port  
The same input delay of 4.000 ns has been defined on port 'ram_addr[7]' relative to clock clk for both max and min. Make sure this reflects the design intent.
set_input_delay -clock clk 4.000 [all_inputs]
C:/Users/oscar/Desktop/dc_env/exp3/ram.xdc (Line: 3)
Related violations: <none>

XDCH-2#16 Warning
Same min and max delay values on IO port  
The same input delay of 4.000 ns has been defined on port 'ram_addr[8]' relative to clock clk for both max and min. Make sure this reflects the design intent.
set_input_delay -clock clk 4.000 [all_inputs]
C:/Users/oscar/Desktop/dc_env/exp3/ram.xdc (Line: 3)
Related violations: <none>

XDCH-2#17 Warning
Same min and max delay values on IO port  
The same input delay of 4.000 ns has been defined on port 'ram_addr[9]' relative to clock clk for both max and min. Make sure this reflects the design intent.
set_input_delay -clock clk 4.000 [all_inputs]
C:/Users/oscar/Desktop/dc_env/exp3/ram.xdc (Line: 3)
Related violations: <none>

XDCH-2#18 Warning
Same min and max delay values on IO port  
The same input delay of 4.000 ns has been defined on port 'ram_wdata[0]' relative to clock clk for both max and min. Make sure this reflects the design intent.
set_input_delay -clock clk 4.000 [all_inputs]
C:/Users/oscar/Desktop/dc_env/exp3/ram.xdc (Line: 3)
Related violations: <none>

XDCH-2#19 Warning
Same min and max delay values on IO port  
The same input delay of 4.000 ns has been defined on port 'ram_wdata[10]' relative to clock clk for both max and min. Make sure this reflects the design intent.
set_input_delay -clock clk 4.000 [all_inputs]
C:/Users/oscar/Desktop/dc_env/exp3/ram.xdc (Line: 3)
Related violations: <none>

XDCH-2#20 Warning
Same min and max delay values on IO port  
The same input delay of 4.000 ns has been defined on port 'ram_wdata[11]' relative to clock clk for both max and min. Make sure this reflects the design intent.
set_input_delay -clock clk 4.000 [all_inputs]
C:/Users/oscar/Desktop/dc_env/exp3/ram.xdc (Line: 3)
Related violations: <none>

XDCH-2#21 Warning
Same min and max delay values on IO port  
The same input delay of 4.000 ns has been defined on port 'ram_wdata[12]' relative to clock clk for both max and min. Make sure this reflects the design intent.
set_input_delay -clock clk 4.000 [all_inputs]
C:/Users/oscar/Desktop/dc_env/exp3/ram.xdc (Line: 3)
Related violations: <none>

XDCH-2#22 Warning
Same min and max delay values on IO port  
The same input delay of 4.000 ns has been defined on port 'ram_wdata[13]' relative to clock clk for both max and min. Make sure this reflects the design intent.
set_input_delay -clock clk 4.000 [all_inputs]
C:/Users/oscar/Desktop/dc_env/exp3/ram.xdc (Line: 3)
Related violations: <none>

XDCH-2#23 Warning
Same min and max delay values on IO port  
The same input delay of 4.000 ns has been defined on port 'ram_wdata[14]' relative to clock clk for both max and min. Make sure this reflects the design intent.
set_input_delay -clock clk 4.000 [all_inputs]
C:/Users/oscar/Desktop/dc_env/exp3/ram.xdc (Line: 3)
Related violations: <none>

XDCH-2#24 Warning
Same min and max delay values on IO port  
The same input delay of 4.000 ns has been defined on port 'ram_wdata[15]' relative to clock clk for both max and min. Make sure this reflects the design intent.
set_input_delay -clock clk 4.000 [all_inputs]
C:/Users/oscar/Desktop/dc_env/exp3/ram.xdc (Line: 3)
Related violations: <none>

XDCH-2#25 Warning
Same min and max delay values on IO port  
The same input delay of 4.000 ns has been defined on port 'ram_wdata[16]' relative to clock clk for both max and min. Make sure this reflects the design intent.
set_input_delay -clock clk 4.000 [all_inputs]
C:/Users/oscar/Desktop/dc_env/exp3/ram.xdc (Line: 3)
Related violations: <none>

XDCH-2#26 Warning
Same min and max delay values on IO port  
The same input delay of 4.000 ns has been defined on port 'ram_wdata[17]' relative to clock clk for both max and min. Make sure this reflects the design intent.
set_input_delay -clock clk 4.000 [all_inputs]
C:/Users/oscar/Desktop/dc_env/exp3/ram.xdc (Line: 3)
Related violations: <none>

XDCH-2#27 Warning
Same min and max delay values on IO port  
The same input delay of 4.000 ns has been defined on port 'ram_wdata[18]' relative to clock clk for both max and min. Make sure this reflects the design intent.
set_input_delay -clock clk 4.000 [all_inputs]
C:/Users/oscar/Desktop/dc_env/exp3/ram.xdc (Line: 3)
Related violations: <none>

XDCH-2#28 Warning
Same min and max delay values on IO port  
The same input delay of 4.000 ns has been defined on port 'ram_wdata[19]' relative to clock clk for both max and min. Make sure this reflects the design intent.
set_input_delay -clock clk 4.000 [all_inputs]
C:/Users/oscar/Desktop/dc_env/exp3/ram.xdc (Line: 3)
Related violations: <none>

XDCH-2#29 Warning
Same min and max delay values on IO port  
The same input delay of 4.000 ns has been defined on port 'ram_wdata[1]' relative to clock clk for both max and min. Make sure this reflects the design intent.
set_input_delay -clock clk 4.000 [all_inputs]
C:/Users/oscar/Desktop/dc_env/exp3/ram.xdc (Line: 3)
Related violations: <none>

XDCH-2#30 Warning
Same min and max delay values on IO port  
The same input delay of 4.000 ns has been defined on port 'ram_wdata[20]' relative to clock clk for both max and min. Make sure this reflects the design intent.
set_input_delay -clock clk 4.000 [all_inputs]
C:/Users/oscar/Desktop/dc_env/exp3/ram.xdc (Line: 3)
Related violations: <none>

XDCH-2#31 Warning
Same min and max delay values on IO port  
The same input delay of 4.000 ns has been defined on port 'ram_wdata[21]' relative to clock clk for both max and min. Make sure this reflects the design intent.
set_input_delay -clock clk 4.000 [all_inputs]
C:/Users/oscar/Desktop/dc_env/exp3/ram.xdc (Line: 3)
Related violations: <none>

XDCH-2#32 Warning
Same min and max delay values on IO port  
The same input delay of 4.000 ns has been defined on port 'ram_wdata[22]' relative to clock clk for both max and min. Make sure this reflects the design intent.
set_input_delay -clock clk 4.000 [all_inputs]
C:/Users/oscar/Desktop/dc_env/exp3/ram.xdc (Line: 3)
Related violations: <none>

XDCH-2#33 Warning
Same min and max delay values on IO port  
The same input delay of 4.000 ns has been defined on port 'ram_wdata[23]' relative to clock clk for both max and min. Make sure this reflects the design intent.
set_input_delay -clock clk 4.000 [all_inputs]
C:/Users/oscar/Desktop/dc_env/exp3/ram.xdc (Line: 3)
Related violations: <none>

XDCH-2#34 Warning
Same min and max delay values on IO port  
The same input delay of 4.000 ns has been defined on port 'ram_wdata[24]' relative to clock clk for both max and min. Make sure this reflects the design intent.
set_input_delay -clock clk 4.000 [all_inputs]
C:/Users/oscar/Desktop/dc_env/exp3/ram.xdc (Line: 3)
Related violations: <none>

XDCH-2#35 Warning
Same min and max delay values on IO port  
The same input delay of 4.000 ns has been defined on port 'ram_wdata[25]' relative to clock clk for both max and min. Make sure this reflects the design intent.
set_input_delay -clock clk 4.000 [all_inputs]
C:/Users/oscar/Desktop/dc_env/exp3/ram.xdc (Line: 3)
Related violations: <none>

XDCH-2#36 Warning
Same min and max delay values on IO port  
The same input delay of 4.000 ns has been defined on port 'ram_wdata[26]' relative to clock clk for both max and min. Make sure this reflects the design intent.
set_input_delay -clock clk 4.000 [all_inputs]
C:/Users/oscar/Desktop/dc_env/exp3/ram.xdc (Line: 3)
Related violations: <none>

XDCH-2#37 Warning
Same min and max delay values on IO port  
The same input delay of 4.000 ns has been defined on port 'ram_wdata[27]' relative to clock clk for both max and min. Make sure this reflects the design intent.
set_input_delay -clock clk 4.000 [all_inputs]
C:/Users/oscar/Desktop/dc_env/exp3/ram.xdc (Line: 3)
Related violations: <none>

XDCH-2#38 Warning
Same min and max delay values on IO port  
The same input delay of 4.000 ns has been defined on port 'ram_wdata[28]' relative to clock clk for both max and min. Make sure this reflects the design intent.
set_input_delay -clock clk 4.000 [all_inputs]
C:/Users/oscar/Desktop/dc_env/exp3/ram.xdc (Line: 3)
Related violations: <none>

XDCH-2#39 Warning
Same min and max delay values on IO port  
The same input delay of 4.000 ns has been defined on port 'ram_wdata[29]' relative to clock clk for both max and min. Make sure this reflects the design intent.
set_input_delay -clock clk 4.000 [all_inputs]
C:/Users/oscar/Desktop/dc_env/exp3/ram.xdc (Line: 3)
Related violations: <none>

XDCH-2#40 Warning
Same min and max delay values on IO port  
The same input delay of 4.000 ns has been defined on port 'ram_wdata[2]' relative to clock clk for both max and min. Make sure this reflects the design intent.
set_input_delay -clock clk 4.000 [all_inputs]
C:/Users/oscar/Desktop/dc_env/exp3/ram.xdc (Line: 3)
Related violations: <none>

XDCH-2#41 Warning
Same min and max delay values on IO port  
The same input delay of 4.000 ns has been defined on port 'ram_wdata[30]' relative to clock clk for both max and min. Make sure this reflects the design intent.
set_input_delay -clock clk 4.000 [all_inputs]
C:/Users/oscar/Desktop/dc_env/exp3/ram.xdc (Line: 3)
Related violations: <none>

XDCH-2#42 Warning
Same min and max delay values on IO port  
The same input delay of 4.000 ns has been defined on port 'ram_wdata[31]' relative to clock clk for both max and min. Make sure this reflects the design intent.
set_input_delay -clock clk 4.000 [all_inputs]
C:/Users/oscar/Desktop/dc_env/exp3/ram.xdc (Line: 3)
Related violations: <none>

XDCH-2#43 Warning
Same min and max delay values on IO port  
The same input delay of 4.000 ns has been defined on port 'ram_wdata[3]' relative to clock clk for both max and min. Make sure this reflects the design intent.
set_input_delay -clock clk 4.000 [all_inputs]
C:/Users/oscar/Desktop/dc_env/exp3/ram.xdc (Line: 3)
Related violations: <none>

XDCH-2#44 Warning
Same min and max delay values on IO port  
The same input delay of 4.000 ns has been defined on port 'ram_wdata[4]' relative to clock clk for both max and min. Make sure this reflects the design intent.
set_input_delay -clock clk 4.000 [all_inputs]
C:/Users/oscar/Desktop/dc_env/exp3/ram.xdc (Line: 3)
Related violations: <none>

XDCH-2#45 Warning
Same min and max delay values on IO port  
The same input delay of 4.000 ns has been defined on port 'ram_wdata[5]' relative to clock clk for both max and min. Make sure this reflects the design intent.
set_input_delay -clock clk 4.000 [all_inputs]
C:/Users/oscar/Desktop/dc_env/exp3/ram.xdc (Line: 3)
Related violations: <none>

XDCH-2#46 Warning
Same min and max delay values on IO port  
The same input delay of 4.000 ns has been defined on port 'ram_wdata[6]' relative to clock clk for both max and min. Make sure this reflects the design intent.
set_input_delay -clock clk 4.000 [all_inputs]
C:/Users/oscar/Desktop/dc_env/exp3/ram.xdc (Line: 3)
Related violations: <none>

XDCH-2#47 Warning
Same min and max delay values on IO port  
The same input delay of 4.000 ns has been defined on port 'ram_wdata[7]' relative to clock clk for both max and min. Make sure this reflects the design intent.
set_input_delay -clock clk 4.000 [all_inputs]
C:/Users/oscar/Desktop/dc_env/exp3/ram.xdc (Line: 3)
Related violations: <none>

XDCH-2#48 Warning
Same min and max delay values on IO port  
The same input delay of 4.000 ns has been defined on port 'ram_wdata[8]' relative to clock clk for both max and min. Make sure this reflects the design intent.
set_input_delay -clock clk 4.000 [all_inputs]
C:/Users/oscar/Desktop/dc_env/exp3/ram.xdc (Line: 3)
Related violations: <none>

XDCH-2#49 Warning
Same min and max delay values on IO port  
The same input delay of 4.000 ns has been defined on port 'ram_wdata[9]' relative to clock clk for both max and min. Make sure this reflects the design intent.
set_input_delay -clock clk 4.000 [all_inputs]
C:/Users/oscar/Desktop/dc_env/exp3/ram.xdc (Line: 3)
Related violations: <none>

XDCH-2#50 Warning
Same min and max delay values on IO port  
The same input delay of 4.000 ns has been defined on port 'ram_wen' relative to clock clk for both max and min. Make sure this reflects the design intent.
set_input_delay -clock clk 4.000 [all_inputs]
C:/Users/oscar/Desktop/dc_env/exp3/ram.xdc (Line: 3)
Related violations: <none>

XDCH-2#51 Warning
Same min and max delay values on IO port  
The same output delay of 3.000 ns has been defined on port 'ram_rdata[0]' relative to clock clk for both max and min. Make sure this reflects the design intent.
set_output_delay -clock clk 3.000 [all_outputs]
C:/Users/oscar/Desktop/dc_env/exp3/ram.xdc (Line: 4)
Related violations: <none>

XDCH-2#52 Warning
Same min and max delay values on IO port  
The same output delay of 3.000 ns has been defined on port 'ram_rdata[10]' relative to clock clk for both max and min. Make sure this reflects the design intent.
set_output_delay -clock clk 3.000 [all_outputs]
C:/Users/oscar/Desktop/dc_env/exp3/ram.xdc (Line: 4)
Related violations: <none>

XDCH-2#53 Warning
Same min and max delay values on IO port  
The same output delay of 3.000 ns has been defined on port 'ram_rdata[11]' relative to clock clk for both max and min. Make sure this reflects the design intent.
set_output_delay -clock clk 3.000 [all_outputs]
C:/Users/oscar/Desktop/dc_env/exp3/ram.xdc (Line: 4)
Related violations: <none>

XDCH-2#54 Warning
Same min and max delay values on IO port  
The same output delay of 3.000 ns has been defined on port 'ram_rdata[12]' relative to clock clk for both max and min. Make sure this reflects the design intent.
set_output_delay -clock clk 3.000 [all_outputs]
C:/Users/oscar/Desktop/dc_env/exp3/ram.xdc (Line: 4)
Related violations: <none>

XDCH-2#55 Warning
Same min and max delay values on IO port  
The same output delay of 3.000 ns has been defined on port 'ram_rdata[13]' relative to clock clk for both max and min. Make sure this reflects the design intent.
set_output_delay -clock clk 3.000 [all_outputs]
C:/Users/oscar/Desktop/dc_env/exp3/ram.xdc (Line: 4)
Related violations: <none>

XDCH-2#56 Warning
Same min and max delay values on IO port  
The same output delay of 3.000 ns has been defined on port 'ram_rdata[14]' relative to clock clk for both max and min. Make sure this reflects the design intent.
set_output_delay -clock clk 3.000 [all_outputs]
C:/Users/oscar/Desktop/dc_env/exp3/ram.xdc (Line: 4)
Related violations: <none>

XDCH-2#57 Warning
Same min and max delay values on IO port  
The same output delay of 3.000 ns has been defined on port 'ram_rdata[15]' relative to clock clk for both max and min. Make sure this reflects the design intent.
set_output_delay -clock clk 3.000 [all_outputs]
C:/Users/oscar/Desktop/dc_env/exp3/ram.xdc (Line: 4)
Related violations: <none>

XDCH-2#58 Warning
Same min and max delay values on IO port  
The same output delay of 3.000 ns has been defined on port 'ram_rdata[16]' relative to clock clk for both max and min. Make sure this reflects the design intent.
set_output_delay -clock clk 3.000 [all_outputs]
C:/Users/oscar/Desktop/dc_env/exp3/ram.xdc (Line: 4)
Related violations: <none>

XDCH-2#59 Warning
Same min and max delay values on IO port  
The same output delay of 3.000 ns has been defined on port 'ram_rdata[17]' relative to clock clk for both max and min. Make sure this reflects the design intent.
set_output_delay -clock clk 3.000 [all_outputs]
C:/Users/oscar/Desktop/dc_env/exp3/ram.xdc (Line: 4)
Related violations: <none>

XDCH-2#60 Warning
Same min and max delay values on IO port  
The same output delay of 3.000 ns has been defined on port 'ram_rdata[18]' relative to clock clk for both max and min. Make sure this reflects the design intent.
set_output_delay -clock clk 3.000 [all_outputs]
C:/Users/oscar/Desktop/dc_env/exp3/ram.xdc (Line: 4)
Related violations: <none>

XDCH-2#61 Warning
Same min and max delay values on IO port  
The same output delay of 3.000 ns has been defined on port 'ram_rdata[19]' relative to clock clk for both max and min. Make sure this reflects the design intent.
set_output_delay -clock clk 3.000 [all_outputs]
C:/Users/oscar/Desktop/dc_env/exp3/ram.xdc (Line: 4)
Related violations: <none>

XDCH-2#62 Warning
Same min and max delay values on IO port  
The same output delay of 3.000 ns has been defined on port 'ram_rdata[1]' relative to clock clk for both max and min. Make sure this reflects the design intent.
set_output_delay -clock clk 3.000 [all_outputs]
C:/Users/oscar/Desktop/dc_env/exp3/ram.xdc (Line: 4)
Related violations: <none>

XDCH-2#63 Warning
Same min and max delay values on IO port  
The same output delay of 3.000 ns has been defined on port 'ram_rdata[20]' relative to clock clk for both max and min. Make sure this reflects the design intent.
set_output_delay -clock clk 3.000 [all_outputs]
C:/Users/oscar/Desktop/dc_env/exp3/ram.xdc (Line: 4)
Related violations: <none>

XDCH-2#64 Warning
Same min and max delay values on IO port  
The same output delay of 3.000 ns has been defined on port 'ram_rdata[21]' relative to clock clk for both max and min. Make sure this reflects the design intent.
set_output_delay -clock clk 3.000 [all_outputs]
C:/Users/oscar/Desktop/dc_env/exp3/ram.xdc (Line: 4)
Related violations: <none>

XDCH-2#65 Warning
Same min and max delay values on IO port  
The same output delay of 3.000 ns has been defined on port 'ram_rdata[22]' relative to clock clk for both max and min. Make sure this reflects the design intent.
set_output_delay -clock clk 3.000 [all_outputs]
C:/Users/oscar/Desktop/dc_env/exp3/ram.xdc (Line: 4)
Related violations: <none>

XDCH-2#66 Warning
Same min and max delay values on IO port  
The same output delay of 3.000 ns has been defined on port 'ram_rdata[23]' relative to clock clk for both max and min. Make sure this reflects the design intent.
set_output_delay -clock clk 3.000 [all_outputs]
C:/Users/oscar/Desktop/dc_env/exp3/ram.xdc (Line: 4)
Related violations: <none>

XDCH-2#67 Warning
Same min and max delay values on IO port  
The same output delay of 3.000 ns has been defined on port 'ram_rdata[24]' relative to clock clk for both max and min. Make sure this reflects the design intent.
set_output_delay -clock clk 3.000 [all_outputs]
C:/Users/oscar/Desktop/dc_env/exp3/ram.xdc (Line: 4)
Related violations: <none>

XDCH-2#68 Warning
Same min and max delay values on IO port  
The same output delay of 3.000 ns has been defined on port 'ram_rdata[25]' relative to clock clk for both max and min. Make sure this reflects the design intent.
set_output_delay -clock clk 3.000 [all_outputs]
C:/Users/oscar/Desktop/dc_env/exp3/ram.xdc (Line: 4)
Related violations: <none>

XDCH-2#69 Warning
Same min and max delay values on IO port  
The same output delay of 3.000 ns has been defined on port 'ram_rdata[26]' relative to clock clk for both max and min. Make sure this reflects the design intent.
set_output_delay -clock clk 3.000 [all_outputs]
C:/Users/oscar/Desktop/dc_env/exp3/ram.xdc (Line: 4)
Related violations: <none>

XDCH-2#70 Warning
Same min and max delay values on IO port  
The same output delay of 3.000 ns has been defined on port 'ram_rdata[27]' relative to clock clk for both max and min. Make sure this reflects the design intent.
set_output_delay -clock clk 3.000 [all_outputs]
C:/Users/oscar/Desktop/dc_env/exp3/ram.xdc (Line: 4)
Related violations: <none>

XDCH-2#71 Warning
Same min and max delay values on IO port  
The same output delay of 3.000 ns has been defined on port 'ram_rdata[28]' relative to clock clk for both max and min. Make sure this reflects the design intent.
set_output_delay -clock clk 3.000 [all_outputs]
C:/Users/oscar/Desktop/dc_env/exp3/ram.xdc (Line: 4)
Related violations: <none>

XDCH-2#72 Warning
Same min and max delay values on IO port  
The same output delay of 3.000 ns has been defined on port 'ram_rdata[29]' relative to clock clk for both max and min. Make sure this reflects the design intent.
set_output_delay -clock clk 3.000 [all_outputs]
C:/Users/oscar/Desktop/dc_env/exp3/ram.xdc (Line: 4)
Related violations: <none>

XDCH-2#73 Warning
Same min and max delay values on IO port  
The same output delay of 3.000 ns has been defined on port 'ram_rdata[2]' relative to clock clk for both max and min. Make sure this reflects the design intent.
set_output_delay -clock clk 3.000 [all_outputs]
C:/Users/oscar/Desktop/dc_env/exp3/ram.xdc (Line: 4)
Related violations: <none>

XDCH-2#74 Warning
Same min and max delay values on IO port  
The same output delay of 3.000 ns has been defined on port 'ram_rdata[30]' relative to clock clk for both max and min. Make sure this reflects the design intent.
set_output_delay -clock clk 3.000 [all_outputs]
C:/Users/oscar/Desktop/dc_env/exp3/ram.xdc (Line: 4)
Related violations: <none>

XDCH-2#75 Warning
Same min and max delay values on IO port  
The same output delay of 3.000 ns has been defined on port 'ram_rdata[31]' relative to clock clk for both max and min. Make sure this reflects the design intent.
set_output_delay -clock clk 3.000 [all_outputs]
C:/Users/oscar/Desktop/dc_env/exp3/ram.xdc (Line: 4)
Related violations: <none>

XDCH-2#76 Warning
Same min and max delay values on IO port  
The same output delay of 3.000 ns has been defined on port 'ram_rdata[3]' relative to clock clk for both max and min. Make sure this reflects the design intent.
set_output_delay -clock clk 3.000 [all_outputs]
C:/Users/oscar/Desktop/dc_env/exp3/ram.xdc (Line: 4)
Related violations: <none>

XDCH-2#77 Warning
Same min and max delay values on IO port  
The same output delay of 3.000 ns has been defined on port 'ram_rdata[4]' relative to clock clk for both max and min. Make sure this reflects the design intent.
set_output_delay -clock clk 3.000 [all_outputs]
C:/Users/oscar/Desktop/dc_env/exp3/ram.xdc (Line: 4)
Related violations: <none>

XDCH-2#78 Warning
Same min and max delay values on IO port  
The same output delay of 3.000 ns has been defined on port 'ram_rdata[5]' relative to clock clk for both max and min. Make sure this reflects the design intent.
set_output_delay -clock clk 3.000 [all_outputs]
C:/Users/oscar/Desktop/dc_env/exp3/ram.xdc (Line: 4)
Related violations: <none>

XDCH-2#79 Warning
Same min and max delay values on IO port  
The same output delay of 3.000 ns has been defined on port 'ram_rdata[6]' relative to clock clk for both max and min. Make sure this reflects the design intent.
set_output_delay -clock clk 3.000 [all_outputs]
C:/Users/oscar/Desktop/dc_env/exp3/ram.xdc (Line: 4)
Related violations: <none>

XDCH-2#80 Warning
Same min and max delay values on IO port  
The same output delay of 3.000 ns has been defined on port 'ram_rdata[7]' relative to clock clk for both max and min. Make sure this reflects the design intent.
set_output_delay -clock clk 3.000 [all_outputs]
C:/Users/oscar/Desktop/dc_env/exp3/ram.xdc (Line: 4)
Related violations: <none>

XDCH-2#81 Warning
Same min and max delay values on IO port  
The same output delay of 3.000 ns has been defined on port 'ram_rdata[8]' relative to clock clk for both max and min. Make sure this reflects the design intent.
set_output_delay -clock clk 3.000 [all_outputs]
C:/Users/oscar/Desktop/dc_env/exp3/ram.xdc (Line: 4)
Related violations: <none>

XDCH-2#82 Warning
Same min and max delay values on IO port  
The same output delay of 3.000 ns has been defined on port 'ram_rdata[9]' relative to clock clk for both max and min. Make sure this reflects the design intent.
set_output_delay -clock clk 3.000 [all_outputs]
C:/Users/oscar/Desktop/dc_env/exp3/ram.xdc (Line: 4)
Related violations: <none>


